<?xml version="1.0" encoding="UTF-8"?>
<!-- Generated by org.testng.reporters.JUnitXMLReporter -->
<testsuite ignored="0" hostname="Argano-9P32ZP3" failures="0" tests="2" name="Labels And Tags Configuration" time="411.93" errors="0" timestamp="2023-10-25T15:27:22 IST">
  <testcase classname="com.AD_ID.tests.LabelsAndTagsConfiguration" name="logintoCPQ" time="17.872"/>
  <testcase classname="com.AD_ID.tests.LabelsAndTagsConfiguration" name="labelsAndTagsConfiguration" time="376.723"/>
</testsuite> <!-- Labels And Tags Configuration -->
