<?xml version="1.0" encoding="UTF-8"?>
<testng-results ignored="0" total="2" passed="2" failed="0" skipped="0">
  <reporter-output>
  </reporter-output>
  <suite started-at="2023-10-25T15:20:30 IST" name="AD ID Solution Test Regression Suite" finished-at="2023-10-25T15:27:22 IST" duration-ms="411930">
    <groups>
    </groups>
    <test started-at="2023-10-25T15:20:30 IST" name="Labels And Tags Configuration" finished-at="2023-10-25T15:27:22 IST" duration-ms="411930">
      <class name="com.AD_ID.tests.LabelsAndTagsConfiguration">
        <test-method is-config="true" signature="setup()[pri:0, instance:com.AD_ID.tests.LabelsAndTagsConfiguration@4bdf]" started-at="2023-10-25T15:20:30 IST" name="setup" finished-at="2023-10-25T15:20:45 IST" duration-ms="15189" status="PASS">
          <reporter-output>
          </reporter-output>
        </test-method> <!-- setup -->
        <test-method signature="logintoCPQ()[pri:0, instance:com.AD_ID.tests.LabelsAndTagsConfiguration@4bdf]" started-at="2023-10-25T15:20:46 IST" name="logintoCPQ" finished-at="2023-10-25T15:21:03 IST" duration-ms="17872" status="PASS">
          <reporter-output>
          </reporter-output>
        </test-method> <!-- logintoCPQ -->
        <test-method signature="labelsAndTagsConfiguration()[pri:1, instance:com.AD_ID.tests.LabelsAndTagsConfiguration@4bdf]" started-at="2023-10-25T15:21:05 IST" name="labelsAndTagsConfiguration" finished-at="2023-10-25T15:27:22 IST" duration-ms="376723" status="PASS">
          <reporter-output>
          </reporter-output>
        </test-method> <!-- labelsAndTagsConfiguration -->
        <test-method is-config="true" signature="tearDown()[pri:0, instance:com.AD_ID.tests.LabelsAndTagsConfiguration@4bdf]" started-at="2023-10-25T15:27:22 IST" name="tearDown" finished-at="2023-10-25T15:27:22 IST" duration-ms="3" status="PASS">
          <reporter-output>
          </reporter-output>
        </test-method> <!-- tearDown -->
      </class> <!-- com.AD_ID.tests.LabelsAndTagsConfiguration -->
    </test> <!-- Labels And Tags Configuration -->
  </suite> <!-- AD ID Solution Test Regression Suite -->
</testng-results>
